f:\programowanie\operazionen anfang\visualstudio\program\kmv0.2\kmv0.2\x64\debug\kmv0.2.pch
f:\programowanie\operazionen anfang\visualstudio\program\kmv0.2\kmv0.2\x64\debug\vc141.pdb
f:\programowanie\operazionen anfang\visualstudio\program\kmv0.2\kmv0.2\x64\debug\vc141.idb
f:\programowanie\operazionen anfang\visualstudio\program\kmv0.2\kmv0.2\x64\debug\stdafx.obj
f:\programowanie\operazionen anfang\visualstudio\program\kmv0.2\kmv0.2\x64\debug\start.obj
f:\programowanie\operazionen anfang\visualstudio\program\kmv0.2\kmv0.2\x64\debug\kmv0.2.obj
f:\programowanie\operazionen anfang\visualstudio\program\kmv0.2\kmv0.2\x64\debug\start2.obj
f:\programowanie\operazionen anfang\visualstudio\program\kmv0.2\x64\debug\kmv0.2.ilk
f:\programowanie\operazionen anfang\visualstudio\program\kmv0.2\x64\debug\kmv0.2.exe
f:\programowanie\operazionen anfang\visualstudio\program\kmv0.2\x64\debug\kmv0.2.pdb
c:\users\tobiasz\desktop\sfml\gotowy\kmv0.2\kmv0.2\x64\debug\kmv0.2.obj
c:\users\tobiasz\desktop\sfml\gotowy\kmv0.2\kmv0.2\x64\debug\start.obj
c:\users\tobiasz\desktop\sfml\gotowy\kmv0.2\kmv0.2\x64\debug\start2.obj
c:\users\tobiasz\desktop\sfml\gotowy\kmv0.2\kmv0.2\x64\debug\stdafx.obj
c:\users\tobiasz\desktop\sfml\gotowy\kmv0.2\kmv0.2\x64\debug\kmv0.2.pch
c:\users\tobiasz\desktop\sfml\gotowy\kmv0.2\kmv0.2\x64\debug\vc141.idb
c:\users\tobiasz\desktop\sfml\gotowy\kmv0.2\kmv0.2\x64\debug\vc141.pdb
c:\users\tobiasz\desktop\sfml\gotowy\kmv0.2\x64\debug\kmv0.2.pdb
c:\users\tobiasz\desktop\sfml\gotowy\kmv0.2\x64\debug\kmv0.2.exe
c:\users\tobiasz\desktop\sfml\gotowy\kmv0.2\x64\debug\kmv0.2.ilk
c:\users\tobiasz\desktop\sfml\gotowy\kmv0.2\kmv0.2\x64\debug\kmv0.2.tlog\cl.command.1.tlog
c:\users\tobiasz\desktop\sfml\gotowy\kmv0.2\kmv0.2\x64\debug\kmv0.2.tlog\cl.read.1.tlog
c:\users\tobiasz\desktop\sfml\gotowy\kmv0.2\kmv0.2\x64\debug\kmv0.2.tlog\cl.write.1.tlog
c:\users\tobiasz\desktop\sfml\gotowy\kmv0.2\kmv0.2\x64\debug\kmv0.2.tlog\link.command.1.tlog
c:\users\tobiasz\desktop\sfml\gotowy\kmv0.2\kmv0.2\x64\debug\kmv0.2.tlog\link.read.1.tlog
c:\users\tobiasz\desktop\sfml\gotowy\kmv0.2\kmv0.2\x64\debug\kmv0.2.tlog\link.write.1.tlog
